<?xml version="1.0" encoding="UTF-8"?>
<!-- Generated by org.testng.reporters.JUnitReportReporter -->
<testsuite hostname="preeti-laptop" failures="0" tests="1" name="tm.qa.testcases.GenQuoteTest" time="0.681" errors="1" timestamp="2020-04-22T13:32:45 EDT" skipped="0">
  <testcase classname="tm.qa.testcases.GenQuoteTest" name="validdatap" time="0.681">
    <error message="
[public void tm.qa.testcases.GenQuoteTest.validdatap(java.lang.String)] has no parameters defined but was found to be using a data provider (either explicitly specified or inherited from class level annotation).
Data provider mismatch
Method: validdatap([Parameter{index=0, type=java.lang.String, declaredAnnotations=[]}])
Arguments: [(java.lang.String) 18-Apr.-2020,(java.lang.String) 30-Apr.-2020,(java.lang.String) Canada,(java.lang.String) Ontario,(java.lang.String) preeti,(java.lang.String) Female,(java.lang.String) 15-Apr.-2020,(java.lang.String) preeti,(java.lang.String) sister,(java.lang.String) 15-Apr.-2020,(java.lang.String) 15-Apr.-2020,(java.lang.String) Super Visa,(java.lang.String) 0.0,(java.lang.String) 25000.0,(java.lang.String) Standard]" type="org.testng.internal.reflect.MethodMatcherException">
      <![CDATA[org.testng.internal.reflect.MethodMatcherException: 
[public void tm.qa.testcases.GenQuoteTest.validdatap(java.lang.String)] has no parameters defined but was found to be using a data provider (either explicitly specified or inherited from class level annotation).
Data provider mismatch
Method: validdatap([Parameter{index=0, type=java.lang.String, declaredAnnotations=[]}])
Arguments: [(java.lang.String) 18-Apr.-2020,(java.lang.String) 30-Apr.-2020,(java.lang.String) Canada,(java.lang.String) Ontario,(java.lang.String) preeti,(java.lang.String) Female,(java.lang.String) 15-Apr.-2020,(java.lang.String) preeti,(java.lang.String) sister,(java.lang.String) 15-Apr.-2020,(java.lang.String) 15-Apr.-2020,(java.lang.String) Super Visa,(java.lang.String) 0.0,(java.lang.String) 25000.0,(java.lang.String) Standard]
at org.testng.internal.reflect.DataProviderMethodMatcher.getConformingArguments(DataProviderMethodMatcher.java:43)
at org.testng.internal.Parameters.injectParameters(Parameters.java:909)
at org.testng.internal.MethodRunner.runInSequence(MethodRunner.java:34)
at org.testng.internal.TestInvoker$MethodInvocationAgent.invoke(TestInvoker.java:816)
at org.testng.internal.TestInvoker.invokeTestMethods(TestInvoker.java:146)
at org.testng.internal.TestMethodWorker.invokeTestMethods(TestMethodWorker.java:146)
at org.testng.internal.TestMethodWorker.run(TestMethodWorker.java:128)
at java.base/java.util.ArrayList.forEach(ArrayList.java:1507)
at org.testng.TestRunner.privateRun(TestRunner.java:766)
at org.testng.TestRunner.run(TestRunner.java:587)
at org.testng.SuiteRunner.runTest(SuiteRunner.java:384)
at org.testng.SuiteRunner.runSequentially(SuiteRunner.java:378)
at org.testng.SuiteRunner.privateRun(SuiteRunner.java:337)
at org.testng.SuiteRunner.run(SuiteRunner.java:286)
at org.testng.SuiteRunnerWorker.runSuite(SuiteRunnerWorker.java:53)
at org.testng.SuiteRunnerWorker.run(SuiteRunnerWorker.java:96)
at org.testng.TestNG.runSuitesSequentially(TestNG.java:1187)
at org.testng.TestNG.runSuitesLocally(TestNG.java:1109)
at org.testng.TestNG.runSuites(TestNG.java:1039)
at org.testng.TestNG.run(TestNG.java:1007)
at org.testng.remote.AbstractRemoteTestNG.run(AbstractRemoteTestNG.java:115)
at org.testng.remote.RemoteTestNG.initAndRun(RemoteTestNG.java:251)
at org.testng.remote.RemoteTestNG.main(RemoteTestNG.java:77)
]]>
    </error>
  </testcase> <!-- validdatap -->
  <system-out/>
</testsuite> <!-- tm.qa.testcases.GenQuoteTest -->
